This is pdfTeX, Version 3.141592653-2.6-1.40.22 (TeX Live 2022/dev/Debian) (preloaded format=pdflatex 2025.3.1)  3 MAR 2025 14:14
entering extended mode
 restricted \write18 enabled.
 file:line:error style messages enabled.
 %&-line parsing enabled.
**jacobians_2.tex
(./jacobians_2.tex
LaTeX2e <2021-11-15> patch level 1
L3 programming layer <2022-01-21>
(/usr/share/texlive/texmf-dist/tex/latex/base/article.cls
Document Class: article 2021/10/04 v1.4n Standard LaTeX document class
(/usr/share/texlive/texmf-dist/tex/latex/base/size10.clo
File: size10.clo 2021/10/04 v1.4n Standard LaTeX file (size option)
)
\c@part=\count185
\c@section=\count186
\c@subsection=\count187
\c@subsubsection=\count188
\c@paragraph=\count189
\c@subparagraph=\count190
\c@figure=\count191
\c@table=\count192
\abovecaptionskip=\skip47
\belowcaptionskip=\skip48
\bibindent=\dimen138
)
(/usr/share/texlive/texmf-dist/tex/latex/amsmath/amsmath.sty
Package: amsmath 2021/10/15 v2.17l AMS math features
\@mathmargin=\skip49

For additional information on amsmath, use the `?' option.
(/usr/share/texlive/texmf-dist/tex/latex/amsmath/amstext.sty
Package: amstext 2021/08/26 v2.01 AMS text

(/usr/share/texlive/texmf-dist/tex/latex/amsmath/amsgen.sty
File: amsgen.sty 1999/11/30 v2.0 generic functions
\@emptytoks=\toks16
\ex@=\dimen139
))
(/usr/share/texlive/texmf-dist/tex/latex/amsmath/amsbsy.sty
Package: amsbsy 1999/11/29 v1.2d Bold Symbols
\pmbraise@=\dimen140
)
(/usr/share/texlive/texmf-dist/tex/latex/amsmath/amsopn.sty
Package: amsopn 2021/08/26 v2.02 operator names
)
\inf@bad=\count193
LaTeX Info: Redefining \frac on input line 234.
\uproot@=\count194
\leftroot@=\count195
LaTeX Info: Redefining \overline on input line 399.
\classnum@=\count196
\DOTSCASE@=\count197
LaTeX Info: Redefining \ldots on input line 496.
LaTeX Info: Redefining \dots on input line 499.
LaTeX Info: Redefining \cdots on input line 620.
\Mathstrutbox@=\box50
\strutbox@=\box51
\big@size=\dimen141
LaTeX Font Info:    Redeclaring font encoding OML on input line 743.
LaTeX Font Info:    Redeclaring font encoding OMS on input line 744.
\macc@depth=\count198
\c@MaxMatrixCols=\count199
\dotsspace@=\muskip16
\c@parentequation=\count266
\dspbrk@lvl=\count267
\tag@help=\toks17
\row@=\count268
\column@=\count269
\maxfields@=\count270
\andhelp@=\toks18
\eqnshift@=\dimen142
\alignsep@=\dimen143
\tagshift@=\dimen144
\tagwidth@=\dimen145
\totwidth@=\dimen146
\lineht@=\dimen147
\@envbody=\toks19
\multlinegap=\skip50
\multlinetaggap=\skip51
\mathdisplay@stack=\toks20
LaTeX Info: Redefining \[ on input line 2938.
LaTeX Info: Redefining \] on input line 2939.
)
(/usr/share/texlive/texmf-dist/tex/latex/amsfonts/amssymb.sty
Package: amssymb 2013/01/14 v3.01 AMS font symbols

(/usr/share/texlive/texmf-dist/tex/latex/amsfonts/amsfonts.sty
Package: amsfonts 2013/01/14 v3.01 Basic AMSFonts support
\symAMSa=\mathgroup4
\symAMSb=\mathgroup5
LaTeX Font Info:    Redeclaring math symbol \hbar on input line 98.
LaTeX Font Info:    Overwriting math alphabet `\mathfrak' in version `bold'
(Font)                  U/euf/m/n --> U/euf/b/n on input line 106.
))
(/usr/share/texlive/texmf-dist/tex/latex/amscls/amsthm.sty
Package: amsthm 2020/05/29 v2.20.6
\thm@style=\toks21
\thm@bodyfont=\toks22
\thm@headfont=\toks23
\thm@notefont=\toks24
\thm@headpunct=\toks25
\thm@preskip=\skip52
\thm@postskip=\skip53
\thm@headsep=\skip54
\dth@everypar=\toks26
)
(/usr/share/texlive/texmf-dist/tex/latex/mathtools/mathtools.sty
Package: mathtools 2021/02/02 v1.28 mathematical typesetting tools

(/usr/share/texlive/texmf-dist/tex/latex/graphics/keyval.sty
Package: keyval 2014/10/28 v1.15 key=value parser (DPC)
\KV@toks@=\toks27
)
(/usr/share/texlive/texmf-dist/tex/latex/tools/calc.sty
Package: calc 2017/05/25 v4.3 Infix arithmetic (KKT,FJ)
\calc@Acount=\count271
\calc@Bcount=\count272
\calc@Adimen=\dimen148
\calc@Bdimen=\dimen149
\calc@Askip=\skip55
\calc@Bskip=\skip56
LaTeX Info: Redefining \setlength on input line 80.
LaTeX Info: Redefining \addtolength on input line 81.
\calc@Ccount=\count273
\calc@Cskip=\skip57
)
(/usr/share/texlive/texmf-dist/tex/latex/mathtools/mhsetup.sty
Package: mhsetup 2021/03/18 v1.4 programming setup (MH)
)
\g_MT_multlinerow_int=\count274
\l_MT_multwidth_dim=\dimen150
\origjot=\skip58
\l_MT_shortvdotswithinadjustabove_dim=\dimen151
\l_MT_shortvdotswithinadjustbelow_dim=\dimen152
\l_MT_above_intertext_sep=\dimen153
\l_MT_below_intertext_sep=\dimen154
\l_MT_above_shortintertext_sep=\dimen155
\l_MT_below_shortintertext_sep=\dimen156
\xmathstrut@box=\box52
\xmathstrut@dim=\dimen157
)
(/usr/share/texlive/texmf-dist/tex/latex/tools/bm.sty
Package: bm 2021/04/25 v1.2e Bold Symbol Support (DPC/FMi)
\symboldoperators=\mathgroup6
\symboldletters=\mathgroup7
\symboldsymbols=\mathgroup8
Package bm Info: No bold for \OMX/cmex/m/n, using \pmb.
Package bm Info: No bold for \U/msa/m/n, using \pmb.
Package bm Info: No bold for \U/msb/m/n, using \pmb.
LaTeX Font Info:    Redeclaring math alphabet \mathbf on input line 149.
)
(/usr/share/texlive/texmf-dist/tex/latex/l3backend/l3backend-pdftex.def
File: l3backend-pdftex.def 2022-01-12 L3 backend support: PDF output (pdfTeX)
\l__color_backend_stack_int=\count275
\l__pdf_internal_box=\box53
)
(/home/pbustos/robocomp/components/beta_robotica_class_private/table_detector/o
ut/jacobians_2.aux)
\openout1 = `jacobians_2.aux'.

LaTeX Font Info:    Checking defaults for OML/cmm/m/it on input line 6.
LaTeX Font Info:    ... okay on input line 6.
LaTeX Font Info:    Checking defaults for OMS/cmsy/m/n on input line 6.
LaTeX Font Info:    ... okay on input line 6.
LaTeX Font Info:    Checking defaults for OT1/cmr/m/n on input line 6.
LaTeX Font Info:    ... okay on input line 6.
LaTeX Font Info:    Checking defaults for T1/cmr/m/n on input line 6.
LaTeX Font Info:    ... okay on input line 6.
LaTeX Font Info:    Checking defaults for TS1/cmr/m/n on input line 6.
LaTeX Font Info:    ... okay on input line 6.
LaTeX Font Info:    Checking defaults for OMX/cmex/m/n on input line 6.
LaTeX Font Info:    ... okay on input line 6.
LaTeX Font Info:    Checking defaults for U/cmr/m/n on input line 6.
LaTeX Font Info:    ... okay on input line 6.

(/usr/share/texlive/texmf-dist/tex/latex/graphics/graphicx.sty
Package: graphicx 2021/09/16 v1.2d Enhanced LaTeX Graphics (DPC,SPQR)

(/usr/share/texlive/texmf-dist/tex/latex/graphics/graphics.sty
Package: graphics 2021/03/04 v1.4d Standard LaTeX Graphics (DPC,SPQR)

(/usr/share/texlive/texmf-dist/tex/latex/graphics/trig.sty
Package: trig 2021/08/11 v1.11 sin cos tan (DPC)
)
(/usr/share/texlive/texmf-dist/tex/latex/graphics-cfg/graphics.cfg
File: graphics.cfg 2016/06/04 v1.11 sample graphics configuration
)
Package graphics Info: Driver file: pdftex.def on input line 107.

(/usr/share/texlive/texmf-dist/tex/latex/graphics-def/pdftex.def
File: pdftex.def 2020/10/05 v1.2a Graphics/color driver for pdftex

(/usr/share/texlive/texmf-dist/tex/context/base/mkii/supp-pdf.mkii
[Loading MPS to PDF converter (version 2006.09.02).]
\scratchcounter=\count276
\scratchdimen=\dimen158
\scratchbox=\box54
\nofMPsegments=\count277
\nofMParguments=\count278
\everyMPshowfont=\toks28
\MPscratchCnt=\count279
\MPscratchDim=\dimen159
\MPnumerator=\count280
\makeMPintoPDFobject=\count281
\everyMPtoPDFconversion=\toks29
))) (/usr/share/texlive/texmf-dist/tex/latex/epstopdf-pkg/epstopdf-base.sty
Package: epstopdf-base 2020-01-24 v2.11 Base part for package epstopdf
Package epstopdf-base Info: Redefining graphics rule for `.eps' on input line 4
85.

(/usr/share/texlive/texmf-dist/tex/latex/latexconfig/epstopdf-sys.cfg
File: epstopdf-sys.cfg 2010/07/13 v1.3 Configuration of (r)epstopdf for TeX Liv
e
))
\Gin@req@height=\dimen160
\Gin@req@width=\dimen161
)
LaTeX Font Info:    Trying to load font information for U+msa on input line 11.


(/usr/share/texlive/texmf-dist/tex/latex/amsfonts/umsa.fd
File: umsa.fd 2013/01/14 v3.01 AMS symbols A
)
LaTeX Font Info:    Trying to load font information for U+msb on input line 11.


(/usr/share/texlive/texmf-dist/tex/latex/amsfonts/umsb.fd
File: umsb.fd 2013/01/14 v3.01 AMS symbols B
)
LaTeX Font Info:    Trying to load font information for OMS+cmr on input line 2
0.

(/usr/share/texlive/texmf-dist/tex/latex/base/omscmr.fd
File: omscmr.fd 2019/12/16 v2.5j Standard LaTeX font definitions
)
LaTeX Font Info:    Font shape `OMS/cmr/m/n' in size <10> not available
(Font)              Font shape `OMS/cmsy/m/n' tried instead on input line 20.

./jacobians_2.tex:20: Missing $ inserted.
<inserted text> 
                $
l.20 ...-inline">\\mathbf\{p\} \\in \\mathbb\{R\}^
                                                  3</span>:  The 3D LiDAR po...
I've inserted a begin-math/end-math symbol since I think
you left one out. Proceed, with fingers crossed.


./jacobians_2.tex:21: LaTeX Error: Command \item invalid in math mode.

See the LaTeX manual or LaTeX Companion for explanation.
Type  H <return>  for immediate help.
 ...                                              
                                                  
l.21         \item
                   <span class="math-inline">t2s</span>: A \texttt{gtsam::Po...

Try typing  <return>  to proceed.
If that doesn't work, type  X <return>  to quit.


./jacobians_2.tex:21: LaTeX Error: Something's wrong--perhaps a missing \item.

See the LaTeX manual or LaTeX Companion for explanation.
Type  H <return>  for immediate help.
 ...                                              
                                                  
l.21         \item <
                    span class="math-inline">t2s</span>: A \texttt{gtsam::Po...

Try typing  <return>  to proceed.
If that doesn't work, type  X <return>  to quit.


./jacobians_2.tex:21: LaTeX Error: Something's wrong--perhaps a missing \item.

See the LaTeX manual or LaTeX Companion for explanation.
Type  H <return>  for immediate help.
 ...                                              
                                                  
l.21         \item <
                    span class="math-inline">t2s</span>: A \texttt{gtsam::Po...

Try typing  <return>  to proceed.
If that doesn't work, type  X <return>  to quit.


./jacobians_2.tex:22: LaTeX Error: Command \item invalid in math mode.

See the LaTeX manual or LaTeX Companion for explanation.
Type  H <return>  for immediate help.
 ...                                              
                                                  
l.22         \item
                   <span class="math-inline">v</span>: Vector containing tab...

Try typing  <return>  to proceed.
If that doesn't work, type  X <return>  to quit.

./jacobians_2.tex:22: Missing $ inserted.
<inserted text> 
                $
l.22         \item <
                    span class="math-inline">v</span>: Vector containing tab...
I've inserted a begin-math/end-math symbol since I think
you left one out. Proceed, with fingers crossed.

./jacobians_2.tex:22: Missing } inserted.
<inserted text> 
                }
l.22         \item <
                    span class="math-inline">v</span>: Vector containing tab...
I've inserted something that you may have forgotten.
(See the <inserted text> above.)
With luck, this will get me unwedged. But if you
really didn't forget anything, try typing `2' now; then
my insertion and my current dilemma will both disappear.


Overfull \hbox (87.60257pt too wide) in paragraph at lines 20--22
\OML/cmm/m/it/10 spanclass \OT1/cmr/m/n/10 = "\OML/cmm/m/it/10 math \OMS/cmsy/m
/n/10 ^^@ \OML/cmm/m/it/10 inline\OT1/cmr/m/n/10 " \OML/cmm/m/it/10 > t\OT1/cmr
/m/n/10 2\OML/cmm/m/it/10 s < =span >\OT1/cmr/m/n/10 : \OML/cmm/m/it/10 A[]tran
sformingfromthetable \OMS/cmsy/m/n/10 ^^@
 []

./jacobians_2.tex:22: Extra }, or forgotten \endgroup.
\par ...m \@noitemerr {\@@par }\fi \else {\@@par }
                                                  \fi 
l.22         \item <
                    span class="math-inline">v</span>: Vector containing tab...
I've deleted a group-closing symbol because it seems to be
spurious, as in `$x}$'. But perhaps the } is legitimate and
you forgot something else, as in `\hbox{$x}'. In such cases
the way to recover is to insert both the forgotten and the
deleted material, e.g., by typing `I$}'.

./jacobians_2.tex:31: Missing $ inserted.
<inserted text> 
                $
l.31 ...inline">\\mathbf\{ps\} \\in \\mathbb\{R\}^
                                                  3</span>: The LiDAR point ...
I've inserted a begin-math/end-math symbol since I think
you left one out. Proceed, with fingers crossed.


./jacobians_2.tex:32: LaTeX Error: Command \item invalid in math mode.

See the LaTeX manual or LaTeX Companion for explanation.
Type  H <return>  for immediate help.
 ...                                              
                                                  
l.32         \item
                   <span class="math-inline">A, B \\in \\mathbb\{R\}^3</span...

Try typing  <return>  to proceed.
If that doesn't work, type  X <return>  to quit.


./jacobians_2.tex:32: LaTeX Error: Something's wrong--perhaps a missing \item.

See the LaTeX manual or LaTeX Companion for explanation.
Type  H <return>  for immediate help.
 ...                                              
                                                  
l.32         \item <
                    span class="math-inline">A, B \\in \\mathbb\{R\}^3</span...

Try typing  <return>  to proceed.
If that doesn't work, type  X <return>  to quit.


./jacobians_2.tex:32: LaTeX Error: Something's wrong--perhaps a missing \item.

See the LaTeX manual or LaTeX Companion for explanation.
Type  H <return>  for immediate help.
 ...                                              
                                                  
l.32         \item <
                    span class="math-inline">A, B \\in \\mathbb\{R\}^3</span...

Try typing  <return>  to proceed.
If that doesn't work, type  X <return>  to quit.


./jacobians_2.tex:33: LaTeX Error: Command \item invalid in math mode.

See the LaTeX manual or LaTeX Companion for explanation.
Type  H <return>  for immediate help.
 ...                                              
                                                  
l.33         \item
                   <span class="math-inline">d\_\{in\}</span>, <span class="...

Try typing  <return>  to proceed.
If that doesn't work, type  X <return>  to quit.

./jacobians_2.tex:33: Missing $ inserted.
<inserted text> 
                $
l.33         \item <
                    span class="math-inline">d\_\{in\}</span>, <span class="...
I've inserted a begin-math/end-math symbol since I think
you left one out. Proceed, with fingers crossed.

./jacobians_2.tex:33: Missing } inserted.
<inserted text> 
                }
l.33         \item <
                    span class="math-inline">d\_\{in\}</span>, <span class="...
I've inserted something that you may have forgotten.
(See the <inserted text> above.)
With luck, this will get me unwedged. But if you
really didn't forget anything, try typing `2' now; then
my insertion and my current dilemma will both disappear.


Overfull \hbox (7.39975pt too wide) in paragraph at lines 31--33
\OT1/cmr/m/n/10 mathbb\OMS/cmsy/m/n/10 f\OT1/cmr/m/n/10 R\OMS/cmsy/m/n/10 g$[] 
\OML/cmm/m/it/10 < =span >\OT1/cmr/m/n/10 : \OML/cmm/m/it/10 TheLiDARpointtrans
formedtothesideframe: <
 []

./jacobians_2.tex:33: Extra }, or forgotten \endgroup.
\par ...m \@noitemerr {\@@par }\fi \else {\@@par }
                                                  \fi 
l.33         \item <
                    span class="math-inline">d\_\{in\}</span>, <span class="...
I've deleted a group-closing symbol because it seems to be
spurious, as in `$x}$'. But perhaps the } is legitimate and
you forgot something else, as in `\hbox{$x}'. In such cases
the way to recover is to insert both the forgotten and the
deleted material, e.g., by typing `I$}'.


Overfull \hbox (24.2564pt too wide) in paragraph at lines 33--34
[]\OT1/cmr/m/n/10 <span class="math-inline">d[]\OMS/cmsy/m/n/10 f\OT1/cmr/m/n/1
0 in\OMS/cmsy/m/n/10 g\OT1/cmr/m/n/10 </span>, <span class="math-inline">d[]\OM
S/cmsy/m/n/10 f\OT1/cmr/m/n/10 left\OMS/cmsy/m/n/10 g\OT1/cmr/m/n/10 </span>,
 []

[1

{/var/lib/texmf/fonts/map/pdftex/updmap/pdftex.map}]
Overfull \hbox (27.5897pt too wide) in paragraph at lines 34--35
[]\OT1/cmr/m/n/10 <span class="math-inline">w[]\OMS/cmsy/m/n/10 f\OT1/cmr/m/n/1
0 in\OMS/cmsy/m/n/10 g\OT1/cmr/m/n/10 </span>, <span class="math-inline">w[]\OM
S/cmsy/m/n/10 f\OT1/cmr/m/n/10 left\OMS/cmsy/m/n/10 g\OT1/cmr/m/n/10 </span>,
 []


Overfull \hbox (40.9231pt too wide) in paragraph at lines 38--39
\OT1/cmr/m/n/10 mathbf\OMS/cmsy/m/n/10 f\OT1/cmr/m/n/10 h\OMS/cmsy/m/n/10 g[]f\
OT1/cmr/m/n/10 pose,v7\OMS/cmsy/m/n/10 g\OT1/cmr/m/n/10 </span>: The col-umn of
 <span class="math-inline">H[]\OMS/cmsy/m/n/10 f\OT1/cmr/m/n/10 pose\OMS/cmsy/m
/n/10 g\OT1/cmr/m/n/10 </span>
 []


Overfull \hbox (30.38896pt too wide) in paragraph at lines 38--39
\OT1/cmr/m/n/10 (from \OT1/cmtt/m/n/10 transformTo\OT1/cmr/m/n/10 ) cor-re-spon
d-ing to the deriva-tive with re-spect to <span class="math-
 []

[2]
LaTeX Font Info:    Font shape `OMS/cmr/bx/n' in size <10> not available
(Font)              Font shape `OMS/cmsy/b/n' tried instead on input line 104.
 [3]
Overfull \hbox (81.65631pt too wide) detected at line 142
[]
 []


Overfull \hbox (230.79391pt too wide) detected at line 149
 []$[]  [] \OT1/cmr/m/n/10 = [] []$ []  
 []

[4]
Overfull \hbox (204.1342pt too wide) detected at line 152
 []$[] \OT1/cmr/m/n/10 + \OML/cmm/m/it/10 d[] [] []$ []  
 []


Overfull \hbox (31.05374pt too wide) detected at line 161
[]
 []

[5]
Overfull \hbox (38.08177pt too wide) detected at line 186
[]
 []

)
! Emergency stop.
<*> jacobians_2.tex
                   
*** (job aborted, no legal \end found)

 
Here is how much of TeX's memory you used:
 3350 strings out of 480171
 51381 string characters out of 5894490
 355767 words of memory out of 5000000
 21266 multiletter control sequences out of 15000+600000
 482872 words of font info for 79 fonts, out of 8000000 for 9000
 59 hyphenation exceptions out of 8191
 63i,11n,71p,388b,218s stack positions out of 5000i,500n,10000p,200000b,80000s
!  ==> Fatal error occurred, no output PDF file produced!
